<?xml version="1.0" encoding="UTF-8"?>
<!-- Generated by org.testng.reporters.JUnitReportReporter -->
<testsuite hostname="Sai-PC" name="day34.TestCase1" tests="1" failures="0" timestamp="28 Jun 2016 16:35:46 GMT" time="43.715" errors="0">
  <testcase name="loginTest" time="43.715" classname="day34.TestCase1"/>
</testsuite> <!-- day34.TestCase1 -->
