<?xml version="1.0" encoding="UTF-8"?>
<!-- Generated by org.testng.reporters.JUnitReportReporter -->
<testsuite hostname="Sai-PC" name="day35.DB_DatdrivenTesting" tests="1" failures="0" timestamp="29 Jun 2016 16:42:19 GMT" time="42.885" errors="0">
  <testcase name="registrationTest" time="42.885" classname="day35.DB_DatdrivenTesting"/>
</testsuite> <!-- day35.DB_DatdrivenTesting -->
