<?xml version="1.0" encoding="UTF-8"?>
<!-- Generated by org.testng.reporters.JUnitReportReporter -->
<testsuite hostname="Sai-PC" name="day35.DBTestingonGrid" tests="2" failures="0" timestamp="29 Jun 2016 16:52:16 GMT" time="256.887" errors="0">
  <testcase name="registrationTest" time="124.282" classname="day35.DBTestingonGrid"/>
  <testcase name="registrationTest" time="132.605" classname="day35.DBTestingonGrid"/>
</testsuite> <!-- day35.DBTestingonGrid -->
