<?xml version="1.0" encoding="UTF-8"?>
<!-- Generated by org.testng.reporters.JUnitReportReporter -->
<testsuite hostname="Sai-PC" name="day26.LoginUsingReflections" tests="1" failures="0" timestamp="10 Jun 2016 16:46:01 GMT" time="44.016" errors="0">
  <testcase name="loginTest" time="44.016" classname="day26.LoginUsingReflections"/>
</testsuite> <!-- day26.LoginUsingReflections -->
