<?xml version="1.0" encoding="UTF-8"?>
<!-- Generated by org.testng.reporters.JUnitReportReporter -->
<testsuite hostname="Sai-PC" name="day15.DynamicXpaths" tests="1" failures="0" timestamp="26 May 2016 16:47:01 GMT" time="93.355" errors="0">
  <testcase name="xpathTest" time="93.355" classname="day15.DynamicXpaths"/>
</testsuite> <!-- day15.DynamicXpaths -->
