<?xml version="1.0" encoding="UTF-8"?>
<!-- Generated by org.testng.reporters.JUnitReportReporter -->
<testsuite hostname="Sai-PC" name="day18.CookiesTesting" tests="1" failures="0" timestamp="30 May 2016 17:35:20 GMT" time="35.317" errors="0">
  <testcase name="cookiesTest" time="35.317" classname="day18.CookiesTesting"/>
</testsuite> <!-- day18.CookiesTesting -->
