<?xml version="1.0" encoding="UTF-8"?>
<!-- Generated by org.testng.reporters.JUnitReportReporter -->
<testsuite hostname="Sai-PC" name="day25.LoginuisngProperties" tests="1" failures="0" timestamp="9 Jun 2016 16:46:15 GMT" time="8.403" errors="0">
  <testcase name="loginTest" time="8.403" classname="day25.LoginuisngProperties"/>
</testsuite> <!-- day25.LoginuisngProperties -->
