<?xml version="1.0" encoding="UTF-8"?>
<!-- Generated by org.testng.reporters.JUnitReportReporter -->
<testsuite hostname="Sai-PC" name="day31.ScreenshotOnGrid" tests="1" failures="0" timestamp="20 Jun 2016 16:43:00 GMT" time="28.844" errors="0">
  <testcase name="screenshotTesT" time="28.844" classname="day31.ScreenshotOnGrid"/>
</testsuite> <!-- day31.ScreenshotOnGrid -->
