<?xml version="1.0" encoding="UTF-8"?>
<!-- Generated by org.testng.reporters.JUnitReportReporter -->
<testsuite hostname="Sai-PC" name="day17.ImplicitWaitExample" tests="1" failures="0" timestamp="29 May 2016 16:15:51 GMT" time="22.583" errors="0">
  <testcase name="waitTest" time="22.583" classname="day17.ImplicitWaitExample"/>
</testsuite> <!-- day17.ImplicitWaitExample -->
