<?xml version="1.0" encoding="UTF-8"?>
<!-- Generated by org.testng.reporters.JUnitReportReporter -->
<testsuite hostname="Sai-PC" name="day18.AjaxAutosuggestions" tests="1" failures="0" timestamp="30 May 2016 17:55:13 GMT" time="2.133" errors="0">
  <testcase name="ajaxTest" time="2.133" classname="day18.AjaxAutosuggestions"/>
</testsuite> <!-- day18.AjaxAutosuggestions -->
