<?xml version="1.0" encoding="UTF-8"?>
<!-- Generated by org.testng.reporters.JUnitReportReporter -->
<testsuite hostname="Sai-PC" name="day27.testsuite.BookAFlight" tests="1" failures="0" timestamp="11 Jun 2016 16:50:27 GMT" time="4.311" errors="0">
  <testcase name="bookFlightTest" time="4.311" classname="day27.testsuite.BookAFlight"/>
</testsuite> <!-- day27.testsuite.BookAFlight -->
