<?xml version="1.0" encoding="UTF-8"?>
<!-- Generated by org.testng.reporters.JUnitReportReporter -->
<testsuite hostname="Sai-PC" name="day24.DatadrivenTesting2" tests="1" failures="0" timestamp="7 Jun 2016 16:50:04 GMT" time="73.309" errors="0">
  <testcase name="registrationTest" time="73.309" classname="day24.DatadrivenTesting2"/>
</testsuite> <!-- day24.DatadrivenTesting2 -->
