<?xml version="1.0" encoding="UTF-8"?>
<!-- Generated by org.testng.reporters.JUnitReportReporter -->
<testsuite hostname="Sai-PC" name="day17.ExplicitWait_Fluentwait" tests="1" failures="0" timestamp="29 May 2016 16:41:22 GMT" time="24.155" errors="0">
  <testcase name="waitTest" time="24.155" classname="day17.ExplicitWait_Fluentwait"/>
</testsuite> <!-- day17.ExplicitWait_Fluentwait -->
