<?xml version="1.0" encoding="UTF-8"?>
<!-- Generated by org.testng.reporters.JUnitReportReporter -->
<testsuite hostname="Sai-PC" name="day26.Login" tests="1" failures="0" timestamp="10 Jun 2016 16:34:52 GMT" time="37.221" errors="0">
  <testcase name="loginTest" time="37.221" classname="day26.Login"/>
</testsuite> <!-- day26.Login -->
