<?xml version="1.0" encoding="UTF-8"?>
<!-- Generated by org.testng.reporters.JUnitReportReporter -->
<testsuite hostname="Sai-PC" name="day24.DatadrivenTesting1" tests="1" failures="0" timestamp="7 Jun 2016 16:35:25 GMT" time="29.587" errors="0">
  <testcase name="registrationTest" time="29.587" classname="day24.DatadrivenTesting1"/>
</testsuite> <!-- day24.DatadrivenTesting1 -->
