<?xml version="1.0" encoding="UTF-8"?>
<!-- Generated by org.testng.reporters.JUnitReportReporter -->
<testsuite hostname="Sai-PC" name="day30.Login" tests="1" failures="0" timestamp="19 Jun 2016 16:46:51 GMT" time="18.406" errors="0">
  <testcase name="loginTest" time="18.406" classname="day30.Login"/>
</testsuite> <!-- day30.Login -->
