<?xml version="1.0" encoding="UTF-8"?>
<!-- Generated by org.testng.reporters.JUnitReportReporter -->
<testsuite hostname="Sai-PC" name="day16.DynamicCSS" tests="1" failures="0" timestamp="27 May 2016 16:32:25 GMT" time="26.830" errors="0">
  <testcase name="cssTest" time="26.830" classname="day16.DynamicCSS"/>
</testsuite> <!-- day16.DynamicCSS -->
