<?xml version="1.0" encoding="UTF-8"?>
<!-- Generated by org.testng.reporters.JUnitReportReporter -->
<testsuite hostname="Sai-PC" name="RightClick" tests="1" failures="0" timestamp="1 Jun 2016 17:33:40 GMT" time="9.428" errors="0">
  <testcase name="rightClickTest" time="9.428" classname="RightClick"/>
</testsuite> <!-- RightClick -->
