<?xml version="1.0" encoding="UTF-8"?>
<!-- Generated by org.testng.reporters.JUnitReportReporter -->
<testsuite hostname="Sai-PC" name="day25.DatadrivenTesting3" tests="1" failures="0" timestamp="9 Jun 2016 16:24:39 GMT" time="22.230" errors="0">
  <testcase name="ajaxTest" time="22.230" classname="day25.DatadrivenTesting3"/>
</testsuite> <!-- day25.DatadrivenTesting3 -->
