<?xml version="1.0" encoding="UTF-8"?>
<!-- Generated by org.testng.reporters.JUnitReportReporter -->
<testsuite hostname="Sai-PC" name="day19.MultipleTabs" tests="1" failures="0" timestamp="31 May 2016 17:38:18 GMT" time="10.317" errors="0">
  <testcase name="windowTest" time="10.317" classname="day19.MultipleTabs"/>
</testsuite> <!-- day19.MultipleTabs -->
