<?xml version="1.0" encoding="UTF-8"?>
<!-- Generated by org.testng.reporters.JUnitReportReporter -->
<testsuite hostname="Sai-PC" name="day15.InputFields" tests="1" failures="0" timestamp="26 May 2016 16:23:52 GMT" time="30.097" errors="0">
  <testcase name="inputFieldsTest" time="30.097" classname="day15.InputFields"/>
</testsuite> <!-- day15.InputFields -->
