<?xml version="1.0" encoding="UTF-8"?>
<!-- Generated by org.testng.reporters.JUnitReportReporter -->
<testsuite hostname="Sai-PC" name="day17.MultipleTagElementsinOneList" tests="1" failures="0" timestamp="29 May 2016 16:48:52 GMT" time="26.716" errors="0">
  <testcase name="allElementsTest" time="26.716" classname="day17.MultipleTagElementsinOneList"/>
</testsuite> <!-- day17.MultipleTagElementsinOneList -->
