<?xml version="1.0" encoding="UTF-8"?>
<!-- Generated by org.testng.reporters.JUnitReportReporter -->
<testsuite hostname="Sai-PC" name="day19.Frames" tests="1" failures="0" timestamp="31 May 2016 18:07:45 GMT" time="29.565" errors="0">
  <testcase name="framesTest" time="29.565" classname="day19.Frames"/>
</testsuite> <!-- day19.Frames -->
