<?xml version="1.0" encoding="UTF-8"?>
<!-- Generated by org.testng.reporters.JUnitReportReporter -->
<testsuite hostname="Sai-PC" name="day22.CalanderWebTable" tests="1" failures="0" timestamp="3 Jun 2016 17:44:55 GMT" time="28.990" errors="0">
  <testcase name="calanderTest" time="28.990" classname="day22.CalanderWebTable"/>
</testsuite> <!-- day22.CalanderWebTable -->
