<?xml version="1.0" encoding="UTF-8"?>
<!-- Generated by org.testng.reporters.JUnitReportReporter -->
<testsuite hostname="Sai-PC" name="day31.DatadrivenTestingOnGrid" tests="2" failures="0" timestamp="20 Jun 2016 16:30:28 GMT" time="180.480" errors="0">
  <testcase name="linksTest" time="111.341" classname="day31.DatadrivenTestingOnGrid"/>
  <testcase name="linksTest" time="69.139" classname="day31.DatadrivenTestingOnGrid"/>
</testsuite> <!-- day31.DatadrivenTestingOnGrid -->
