<?xml version="1.0" encoding="UTF-8"?>
<!-- Generated by org.testng.reporters.JUnitReportReporter -->
<testsuite hostname="Sai-PC" name="day22.CheckBoxesTesting1" tests="1" failures="0" timestamp="3 Jun 2016 18:04:32 GMT" time="16.346" errors="0">
  <testcase name="checkBoxesTest" time="16.346" classname="day22.CheckBoxesTesting1"/>
</testsuite> <!-- day22.CheckBoxesTesting1 -->
