<?xml version="1.0" encoding="UTF-8"?>
<!-- Generated by org.testng.reporters.JUnitReportReporter -->
<testsuite hostname="Sai-PC" name="day22.WebtableTesting1" tests="1" failures="0" timestamp="3 Jun 2016 17:08:32 GMT" time="51.146" errors="0">
  <testcase name="webtableTest" time="51.146" classname="day22.WebtableTesting1"/>
</testsuite> <!-- day22.WebtableTesting1 -->
