<?xml version="1.0" encoding="UTF-8"?>
<!-- Generated by org.testng.reporters.JUnitReportReporter -->
<testsuite hostname="Sai-PC" name="day34.TestCase2" tests="1" failures="0" timestamp="28 Jun 2016 16:54:43 GMT" time="43.684" errors="0">
  <testcase name="registerTest" time="43.684" classname="day34.TestCase2"/>
</testsuite> <!-- day34.TestCase2 -->
