<?xml version="1.0" encoding="UTF-8"?>
<!-- Generated by org.testng.reporters.JUnitReportReporter -->
<testsuite hostname="Sai-PC" name="day27.testsuite.FindAFlight" tests="1" failures="0" timestamp="11 Jun 2016 16:50:27 GMT" time="3.505" errors="0">
  <testcase name="fidAFlightTest" time="3.505" classname="day27.testsuite.FindAFlight"/>
</testsuite> <!-- day27.testsuite.FindAFlight -->
