<?xml version="1.0" encoding="UTF-8"?>
<!-- Generated by org.testng.reporters.JUnitReportReporter -->
<testsuite hostname="Sai-PC" name="day20.MouseHover" tests="1" failures="0" timestamp="1 Jun 2016 17:20:45 GMT" time="2.262" errors="0">
  <testcase name="mouseHoverTest" time="2.262" classname="day20.MouseHover"/>
</testsuite> <!-- day20.MouseHover -->
