<?xml version="1.0" encoding="UTF-8"?>
<!-- Generated by org.testng.reporters.JUnitReportReporter -->
<testsuite hostname="Sai-PC" name="day13.Sample" tests="2" failures="0" timestamp="23 May 2016 16:37:09 GMT" time="0.273" errors="0">
  <testcase name="loginTest" time="0.228" classname="day13.Sample"/>
  <testcase name="registrationTest" time="0.045" classname="day13.Sample"/>
</testsuite> <!-- day13.Sample -->
